Let's proceed!!!
Paris at the beggining of the simulation
Foret : F0, nombre d'arbres : 1202
:----:----:----:----:----:----:----:----:----:----:----:----:----:----:----:----:----:----:----:----:
|F0  |CM0 |CM1 |    |    |    |    |    |    |    |    |    |    |    |    |    |    |    |    |    |
:----:----:----:----:----:----:----:----:----:----:----:----:----:----:----:----:----:----:----:----:
|    |    |    |    |    |    |    |    |    |    |    |    |    |    |    |    |    |    |    |    |
:----:----:----:----:----:----:----:----:----:----:----:----:----:----:----:----:----:----:----:----:
|    |    |    |    |    |    |    |    |    |    |    |    |    |    |    |    |    |    |    |    |
:----:----:----:----:----:----:----:----:----:----:----:----:----:----:----:----:----:----:----:----:
|    |    |    |    |    |    |    |    |    |    |    |    |    |    |    |    |    |    |    |    |
:----:----:----:----:----:----:----:----:----:----:----:----:----:----:----:----:----:----:----:----:
|    |    |    |    |    |    |    |    |    |    |    |    |    |    |    |    |    |    |    |    |
:----:----:----:----:----:----:----:----:----:----:----:----:----:----:----:----:----:----:----:----:
|    |    |    |    |    |    |    |    |    |    |    |    |    |    |    |    |    |    |    |    |
:----:----:----:----:----:----:----:----:----:----:----:----:----:----:----:----:----:----:----:----:
|    |    |    |    |    |    |    |    |    |    |    |    |    |    |    |    |    |    |    |    |
:----:----:----:----:----:----:----:----:----:----:----:----:----:----:----:----:----:----:----:----:
|    |    |    |    |    |    |    |    |    |    |    |    |    |    |    |    |    |    |    |    |
:----:----:----:----:----:----:----:----:----:----:----:----:----:----:----:----:----:----:----:----:
|    |    |    |    |    |    |    |    |    |    |    |    |    |    |    |    |    |    |    |    |
:----:----:----:----:----:----:----:----:----:----:----:----:----:----:----:----:----:----:----:----:
|    |    |    |    |    |    |    |    |    |    |    |    |    |    |    |    |    |    |    |    |
:----:----:----:----:----:----:----:----:----:----:----:----:----:----:----:----:----:----:----:----:
|    |    |    |    |    |    |    |    |    |    |    |    |    |    |    |    |    |    |    |    |
:----:----:----:----:----:----:----:----:----:----:----:----:----:----:----:----:----:----:----:----:
|    |    |    |    |    |    |    |    |    |    |    |    |    |    |    |    |    |    |    |    |
:----:----:----:----:----:----:----:----:----:----:----:----:----:----:----:----:----:----:----:----:
|    |    |    |    |    |    |    |    |    |    |    |    |    |    |    |    |    |    |    |    |
:----:----:----:----:----:----:----:----:----:----:----:----:----:----:----:----:----:----:----:----:
|    |    |    |    |    |    |    |    |    |    |    |    |    |    |    |    |    |    |    |    |
:----:----:----:----:----:----:----:----:----:----:----:----:----:----:----:----:----:----:----:----:
|    |    |    |    |    |    |    |    |    |    |    |    |    |    |    |    |    |    |    |    |
:----:----:----:----:----:----:----:----:----:----:----:----:----:----:----:----:----:----:----:----:
|    |    |    |    |    |    |    |    |    |    |    |    |    |    |    |    |    |    |    |    |
:----:----:----:----:----:----:----:----:----:----:----:----:----:----:----:----:----:----:----:----:
|    |    |    |    |    |    |    |    |    |    |    |    |    |    |    |    |    |    |    |    |
:----:----:----:----:----:----:----:----:----:----:----:----:----:----:----:----:----:----:----:----:
|    |    |    |    |    |    |    |    |    |    |    |    |    |    |    |    |    |    |    |    |
:----:----:----:----:----:----:----:----:----:----:----:----:----:----:----:----:----:----:----:----:
|    |    |    |    |    |    |    |    |    |    |    |    |    |    |    |    |    |    |    |    |
:----:----:----:----:----:----:----:----:----:----:----:----:----:----:----:----:----:----:----:----:
|    |    |    |    |    |    |    |    |    |    |    |    |    |    |    |    |    |    |    |    |
:----:----:----:----:----:----:----:----:----:----:----:----:----:----:----:----:----:----:----:----:

------------------------------------------------
We begin a century of Forests' growth and unsupervised mining...
Paris after a century
:----:----:----:----:----:----:----:----:----:----:----:----:----:----:----:----:----:----:----:----:
|F0  |CM0 |CM1 |    |    |    |    |    |    |    |    |    |    |    |    |    |    |    |    |    |
:----:----:----:----:----:----:----:----:----:----:----:----:----:----:----:----:----:----:----:----:
|    |    |    |    |    |    |    |    |    |    |    |    |    |    |    |    |    |    |    |    |
:----:----:----:----:----:----:----:----:----:----:----:----:----:----:----:----:----:----:----:----:
|    |    |    |    |    |    |    |    |    |    |    |    |    |    |    |    |    |    |    |    |
:----:----:----:----:----:----:----:----:----:----:----:----:----:----:----:----:----:----:----:----:
|    |    |    |    |    |    |    |    |    |    |    |    |    |    |    |    |    |    |    |    |
:----:----:----:----:----:----:----:----:----:----:----:----:----:----:----:----:----:----:----:----:
|    |    |    |F0  |    |    |    |    |    |    |    |    |    |    |    |    |    |    |    |    |
:----:----:----:----:----:----:----:----:----:----:----:----:----:----:----:----:----:----:----:----:
|    |    |    |    |    |    |    |    |    |    |    |    |    |    |    |    |    |    |    |    |
:----:----:----:----:----:----:----:----:----:----:----:----:----:----:----:----:----:----:----:----:
|    |    |    |    |    |    |    |    |    |    |    |    |    |    |    |    |    |    |    |    |
:----:----:----:----:----:----:----:----:----:----:----:----:----:----:----:----:----:----:----:----:
|    |    |    |    |    |    |    |    |    |    |    |    |    |    |    |    |    |    |    |    |
:----:----:----:----:----:----:----:----:----:----:----:----:----:----:----:----:----:----:----:----:
|    |    |    |    |    |    |    |    |    |    |    |    |    |    |    |    |    |    |    |F0  |
:----:----:----:----:----:----:----:----:----:----:----:----:----:----:----:----:----:----:----:----:
|    |    |    |    |    |    |    |    |    |    |    |    |    |    |    |    |    |    |    |    |
:----:----:----:----:----:----:----:----:----:----:----:----:----:----:----:----:----:----:----:----:
|    |    |    |    |    |    |    |    |    |    |    |    |    |    |    |    |    |    |    |    |
:----:----:----:----:----:----:----:----:----:----:----:----:----:----:----:----:----:----:----:----:
|    |    |    |    |    |    |    |    |    |    |    |F0  |    |    |    |    |    |    |    |    |
:----:----:----:----:----:----:----:----:----:----:----:----:----:----:----:----:----:----:----:----:
|    |    |    |    |    |    |    |    |    |    |    |    |    |    |    |    |    |    |    |    |
:----:----:----:----:----:----:----:----:----:----:----:----:----:----:----:----:----:----:----:----:
|    |    |    |    |    |    |    |    |    |    |    |    |    |    |    |    |    |    |    |    |
:----:----:----:----:----:----:----:----:----:----:----:----:----:----:----:----:----:----:----:----:
|    |    |    |    |    |    |    |    |    |    |    |    |    |    |    |    |    |    |    |    |
:----:----:----:----:----:----:----:----:----:----:----:----:----:----:----:----:----:----:----:----:
|    |    |    |    |    |    |    |    |    |    |    |    |    |    |    |    |    |    |    |    |
:----:----:----:----:----:----:----:----:----:----:----:----:----:----:----:----:----:----:----:----:
|    |    |    |    |    |    |    |    |    |    |    |    |    |    |    |    |    |    |    |    |
:----:----:----:----:----:----:----:----:----:----:----:----:----:----:----:----:----:----:----:----:
|    |    |    |    |    |    |    |    |    |    |    |    |    |    |    |    |    |    |    |    |
:----:----:----:----:----:----:----:----:----:----:----:----:----:----:----:----:----:----:----:----:
|    |    |    |    |    |    |    |    |    |    |    |    |    |    |    |    |    |    |    |    |
:----:----:----:----:----:----:----:----:----:----:----:----:----:----:----:----:----:----:----:----:
|    |    |    |    |    |    |    |    |    |    |    |    |    |    |    |    |    |    |    |    |
:----:----:----:----:----:----:----:----:----:----:----:----:----:----:----:----:----:----:----:----:

How much CO2 there is on avreage in one case:-377559102
How much can Paris sustain: -259803

******************

Now eco friendly agents and damadging agents will do their work!
It took 876 years to balance CO2 in the atmosphere
:----:----:----:----:----:----:----:----:----:----:----:----:----:----:----:----:----:----:----:----:
|FA  |F0  |CM1 |FA  |FA  |    |FA  |FA  |    |FA  |FA  |    |FA  |FA  |FA  |FA  |FA  |FA  |FA  |FA  |
:----:----:----:----:----:----:----:----:----:----:----:----:----:----:----:----:----:----:----:----:
|F0  |FA  |FA  |FA  |FA  |FA  |    |FA  |FA  |FA  |FA  |FA  |FA  |FA  |FA  |FA  |FA  |FA  |FA  |FA  |
:----:----:----:----:----:----:----:----:----:----:----:----:----:----:----:----:----:----:----:----:
|FA  |FA  |FA  |FA  |FA  |FA  |FA  |FA  |FA  |FA  |FA  |    |FA  |FA  |FA  |FA  |FA  |    |FA  |FA  |
:----:----:----:----:----:----:----:----:----:----:----:----:----:----:----:----:----:----:----:----:
|FA  |FA  |FA  |    |FA  |FA  |FA  |FA  |FA  |    |FA  |FA  |F0  |FA  |FA  |FA  |FA  |FA  |    |FA  |
:----:----:----:----:----:----:----:----:----:----:----:----:----:----:----:----:----:----:----:----:
|FA  |FA  |FA  |FA  |FA  |FA  |F0  |FA  |    |FA  |    |    |FA  |FA  |FA  |FA  |FA  |FA  |FA  |FA  |
:----:----:----:----:----:----:----:----:----:----:----:----:----:----:----:----:----:----:----:----:
|    |FA  |    |    |FA  |FA  |FA  |FA  |FA  |FA  |FA  |FA  |    |FA  |FA  |FA  |FA  |FA  |FA  |FA  |
:----:----:----:----:----:----:----:----:----:----:----:----:----:----:----:----:----:----:----:----:
|FA  |    |FA  |FA  |    |FA  |FA  |FA  |FA  |    |FA  |F0  |FA  |FA  |FA  |FA  |FA  |FA  |FA  |FA  |
:----:----:----:----:----:----:----:----:----:----:----:----:----:----:----:----:----:----:----:----:
|FA  |FA  |FA  |FA  |    |    |FA  |FA  |FA  |    |FA  |    |FA  |    |FA  |FA  |FA  |FA  |FA  |FA  |
:----:----:----:----:----:----:----:----:----:----:----:----:----:----:----:----:----:----:----:----:
|    |    |FA  |FA  |FA  |FA  |FA  |FA  |FA  |FA  |FA  |    |FA  |FA  |    |FA  |    |FA  |FA  |FA  |
:----:----:----:----:----:----:----:----:----:----:----:----:----:----:----:----:----:----:----:----:
|    |FA  |    |FA  |    |FA  |FA  |F0  |FA  |FA  |FA  |FA  |FA  |FA  |FA  |F0  |FA  |FA  |FA  |FA  |
:----:----:----:----:----:----:----:----:----:----:----:----:----:----:----:----:----:----:----:----:
|    |FA  |FA  |    |    |FA  |FA  |FA  |FA  |FA  |FA  |FA  |    |FA  |FA  |FA  |    |FA  |FA  |FA  |
:----:----:----:----:----:----:----:----:----:----:----:----:----:----:----:----:----:----:----:----:
|FA  |FA  |FA  |FA  |FA  |    |FA  |FA  |FA  |FA  |FA  |    |    |FA  |FA  |F0  |FA  |FA  |FA  |FA  |
:----:----:----:----:----:----:----:----:----:----:----:----:----:----:----:----:----:----:----:----:
|FA  |FA  |F0  |FA  |FA  |FA  |    |FA  |FA  |FA  |    |FA  |FA  |FA  |FA  |    |FA  |FA  |FA  |FA  |
:----:----:----:----:----:----:----:----:----:----:----:----:----:----:----:----:----:----:----:----:
|FA  |FA  |FA  |FA  |    |FA  |FA  |FA  |FA  |FA  |F0  |FA  |FA  |FA  |FA  |FA  |FA  |FA  |FA  |FA  |
:----:----:----:----:----:----:----:----:----:----:----:----:----:----:----:----:----:----:----:----:
|FA  |FA  |FA  |FA  |FA  |FA  |FA  |FA  |FA  |FA  |    |    |FA  |FA  |FA  |FA  |FA  |FA  |FA  |FA  |
:----:----:----:----:----:----:----:----:----:----:----:----:----:----:----:----:----:----:----:----:
|FA  |FA  |FA  |    |FA  |FA  |    |FA  |FA  |FA  |FA  |FA  |FA  |FA  |    |    |FA  |FA  |FA  |FA  |
:----:----:----:----:----:----:----:----:----:----:----:----:----:----:----:----:----:----:----:----:
|F0  |FA  |FA  |FA  |FA  |FA  |FA  |FA  |FA  |F0  |FA  |FA  |FA  |FA  |FA  |FA  |    |FA  |FA  |FA  |
:----:----:----:----:----:----:----:----:----:----:----:----:----:----:----:----:----:----:----:----:
|FA  |FA  |FA  |FA  |FA  |FA  |FA  |FA  |FA  |FA  |FA  |FA  |F0  |FA  |FA  |FA  |FA  |FA  |FA  |FA  |
:----:----:----:----:----:----:----:----:----:----:----:----:----:----:----:----:----:----:----:----:
|FA  |FA  |FA  |FA  |FA  |FA  |FA  |FA  |FA  |    |    |FA  |FA  |FA  |FA  |FA  |FA  |FA  |FA  |FA  |
:----:----:----:----:----:----:----:----:----:----:----:----:----:----:----:----:----:----:----:----:
|FA  |FA  |FA  |FA  |FA  |    |FA  |F0  |FA  |FA  |FA  |FA  |FA  |FA  |FA  |FA  |FA  |FA  |FA  |F0  |
:----:----:----:----:----:----:----:----:----:----:----:----:----:----:----:----:----:----:----:----:

How much CO2 there is on avreage in one case :947104
